Determining if the pthread_create exist failed with the following output:
Change Dir: /home/users/eng10048_3/Documents/PROTO_2018/Protocolos/build/CMakeFiles/CMakeTmp

Run Build Command:"/usr/bin/gmake" "cmTryCompileExec1934038059/fast"
gmake[1]: Entering directory '/home/users/eng10048_3/Documents/PROTO_2018/Protocolos/build/CMakeFiles/CMakeTmp'
/usr/bin/gmake -f CMakeFiles/cmTryCompileExec1934038059.dir/build.make CMakeFiles/cmTryCompileExec1934038059.dir/build
gmake[2]: Entering directory '/home/users/eng10048_3/Documents/PROTO_2018/Protocolos/build/CMakeFiles/CMakeTmp'
/usr/bin/cmake -E cmake_progress_report /home/users/eng10048_3/Documents/PROTO_2018/Protocolos/build/CMakeFiles/CMakeTmp/CMakeFiles 1
Building C object CMakeFiles/cmTryCompileExec1934038059.dir/CheckSymbolExists.c.o
/usr/bin/cc    -o CMakeFiles/cmTryCompileExec1934038059.dir/CheckSymbolExists.c.o   -c /home/users/eng10048_3/Documents/PROTO_2018/Protocolos/build/CMakeFiles/CMakeTmp/CheckSymbolExists.c
Linking C executable cmTryCompileExec1934038059
/usr/bin/cmake -E cmake_link_script CMakeFiles/cmTryCompileExec1934038059.dir/link.txt --verbose=1
/usr/bin/cc       CMakeFiles/cmTryCompileExec1934038059.dir/CheckSymbolExists.c.o  -o cmTryCompileExec1934038059 -rdynamic 
CMakeFiles/cmTryCompileExec1934038059.dir/CheckSymbolExists.c.o: In function `main':
CheckSymbolExists.c:(.text+0x16): undefined reference to `pthread_create'
collect2: error: ld returned 1 exit status
CMakeFiles/cmTryCompileExec1934038059.dir/build.make:88: recipe for target 'cmTryCompileExec1934038059' failed
gmake[2]: *** [cmTryCompileExec1934038059] Error 1
gmake[2]: Leaving directory '/home/users/eng10048_3/Documents/PROTO_2018/Protocolos/build/CMakeFiles/CMakeTmp'
Makefile:118: recipe for target 'cmTryCompileExec1934038059/fast' failed
gmake[1]: *** [cmTryCompileExec1934038059/fast] Error 2
gmake[1]: Leaving directory '/home/users/eng10048_3/Documents/PROTO_2018/Protocolos/build/CMakeFiles/CMakeTmp'

File /home/users/eng10048_3/Documents/PROTO_2018/Protocolos/build/CMakeFiles/CMakeTmp/CheckSymbolExists.c:
/* */
#include <pthread.h>

int main(int argc, char** argv)
{
  (void)argv;
#ifndef pthread_create
  return ((int*)(&pthread_create))[argc];
#else
  (void)argc;
  return 0;
#endif
}

Determining if the function pthread_create exists in the pthreads failed with the following output:
Change Dir: /home/users/eng10048_3/Documents/PROTO_2018/Protocolos/build/CMakeFiles/CMakeTmp

Run Build Command:"/usr/bin/gmake" "cmTryCompileExec4080889430/fast"
gmake[1]: Entering directory '/home/users/eng10048_3/Documents/PROTO_2018/Protocolos/build/CMakeFiles/CMakeTmp'
/usr/bin/gmake -f CMakeFiles/cmTryCompileExec4080889430.dir/build.make CMakeFiles/cmTryCompileExec4080889430.dir/build
gmake[2]: Entering directory '/home/users/eng10048_3/Documents/PROTO_2018/Protocolos/build/CMakeFiles/CMakeTmp'
/usr/bin/cmake -E cmake_progress_report /home/users/eng10048_3/Documents/PROTO_2018/Protocolos/build/CMakeFiles/CMakeTmp/CMakeFiles 1
Building C object CMakeFiles/cmTryCompileExec4080889430.dir/CheckFunctionExists.c.o
/usr/bin/cc   -DCHECK_FUNCTION_EXISTS=pthread_create   -o CMakeFiles/cmTryCompileExec4080889430.dir/CheckFunctionExists.c.o   -c /usr/share/cmake/Modules/CheckFunctionExists.c
Linking C executable cmTryCompileExec4080889430
/usr/bin/cmake -E cmake_link_script CMakeFiles/cmTryCompileExec4080889430.dir/link.txt --verbose=1
/usr/bin/cc   -DCHECK_FUNCTION_EXISTS=pthread_create    CMakeFiles/cmTryCompileExec4080889430.dir/CheckFunctionExists.c.o  -o cmTryCompileExec4080889430 -rdynamic -lpthreads 
/usr/lib64/gcc/x86_64-suse-linux/4.8/../../../../x86_64-suse-linux/bin/ld: cannot find -lpthreads
collect2: error: ld returned 1 exit status
CMakeFiles/cmTryCompileExec4080889430.dir/build.make:88: recipe for target 'cmTryCompileExec4080889430' failed
gmake[2]: Leaving directory '/home/users/eng10048_3/Documents/PROTO_2018/Protocolos/build/CMakeFiles/CMakeTmp'
gmake[2]: *** [cmTryCompileExec4080889430] Error 1
Makefile:118: recipe for target 'cmTryCompileExec4080889430/fast' failed
gmake[1]: Leaving directory '/home/users/eng10048_3/Documents/PROTO_2018/Protocolos/build/CMakeFiles/CMakeTmp'
gmake[1]: *** [cmTryCompileExec4080889430/fast] Error 2


